<?xml version="1.0" encoding="UTF-8"?>
<!-- Generated by org.testng.reporters.JUnitXMLReporter -->
<testsuite ignored="0" hostname="Abedalraheem" failures="0" tests="6" name="Default test" time="0.048" errors="0" timestamp="2022-10-08T13:54:00 AST">
  <testcase classname="automation_Testng_saturday.MyCash" name="myCasheSale_3" time="0.007"/>
  <testcase classname="automation_Testng_saturday.MyCash" name="myCasheSale_4" time="0.001"/>
  <testcase classname="automation_Testng_saturday.MyCash" name="myCasheSale_2" time="0.001"/>
  <testcase classname="automation_Testng_saturday.MyCash" name="myCasheSale_5" time="0.001"/>
  <testcase classname="automation_Testng_saturday.MyCash" name="myCasheSale_6" time="0.001"/>
  <testcase classname="automation_Testng_saturday.MyCash" name="myCasheSale_1" time="0.0"/>
</testsuite> <!-- Default test -->
