<?xml version="1.0" encoding="UTF-8"?>
<!-- Generated by org.testng.reporters.JUnitXMLReporter -->
<testsuite ignored="1" hostname="Abedalraheem" failures="0" tests="6" name="cash-sales" time="0.044" errors="0" timestamp="2022-10-08T13:17:08 AST">
  <testcase classname="automation_Testng_saturday.MyCash" name="myCasheSale_2" time="0.006"/>
  <testcase classname="automation_Testng_saturday.MyCreditCard" name="myCreditOne" time="0.001"/>
  <testcase classname="automation_Testng_saturday.MyCreditCard" name="myCreditTwo" time="0.0"/>
  <testcase classname="automation_Testng_saturday.MyVoucher" name="myvoucherone" time="0.0"/>
  <testcase classname="automation_Testng_saturday.MyVoucher" name="myvoucherthree" time="0.001"/>
  <testcase classname="automation_Testng_saturday.MyVoucher" name="myvouchertwo" time="0.0"/>
  <testcase classname="automation_Testng_saturday.MyCash" name="myCasheSale_1" time="0.0">
    <ignored/>
  </testcase> <!-- myCasheSale_1 -->
</testsuite> <!-- cash-sales -->
