<?xml version="1.0" encoding="UTF-8"?>
<testng-results ignored="0" total="6" passed="6" failed="0" skipped="0">
  <reporter-output>
  </reporter-output>
  <suite started-at="2022-10-08T13:54:00 AST" name="Default suite" finished-at="2022-10-08T13:54:00 AST" duration-ms="48">
    <groups>
    </groups>
    <test started-at="2022-10-08T13:54:00 AST" name="Default test" finished-at="2022-10-08T13:54:00 AST" duration-ms="48">
      <class name="automation_Testng_saturday.MyCash">
        <test-method signature="myCasheSale_3()[pri:1, instance:automation_Testng_saturday.MyCash@524d6d96]" started-at="2022-10-08T13:54:00 AST" name="myCasheSale_3" finished-at="2022-10-08T13:54:00 AST" duration-ms="7" status="PASS">
          <reporter-output>
          </reporter-output>
        </test-method> <!-- myCasheSale_3 -->
        <test-method signature="myCasheSale_4()[pri:2, instance:automation_Testng_saturday.MyCash@524d6d96]" started-at="2022-10-08T13:54:00 AST" name="myCasheSale_4" finished-at="2022-10-08T13:54:00 AST" duration-ms="1" status="PASS">
          <reporter-output>
          </reporter-output>
        </test-method> <!-- myCasheSale_4 -->
        <test-method signature="myCasheSale_2()[pri:3, instance:automation_Testng_saturday.MyCash@524d6d96]" started-at="2022-10-08T13:54:00 AST" name="myCasheSale_2" finished-at="2022-10-08T13:54:00 AST" duration-ms="1" status="PASS">
          <reporter-output>
          </reporter-output>
        </test-method> <!-- myCasheSale_2 -->
        <test-method signature="myCasheSale_5()[pri:4, instance:automation_Testng_saturday.MyCash@524d6d96]" started-at="2022-10-08T13:54:00 AST" name="myCasheSale_5" finished-at="2022-10-08T13:54:00 AST" duration-ms="1" status="PASS">
          <reporter-output>
          </reporter-output>
        </test-method> <!-- myCasheSale_5 -->
        <test-method signature="myCasheSale_6()[pri:5, instance:automation_Testng_saturday.MyCash@524d6d96]" started-at="2022-10-08T13:54:00 AST" name="myCasheSale_6" finished-at="2022-10-08T13:54:00 AST" duration-ms="1" status="PASS">
          <reporter-output>
          </reporter-output>
        </test-method> <!-- myCasheSale_6 -->
        <test-method signature="myCasheSale_1()[pri:6, instance:automation_Testng_saturday.MyCash@524d6d96]" started-at="2022-10-08T13:54:00 AST" name="myCasheSale_1" finished-at="2022-10-08T13:54:00 AST" duration-ms="0" status="PASS">
          <reporter-output>
          </reporter-output>
        </test-method> <!-- myCasheSale_1 -->
      </class> <!-- automation_Testng_saturday.MyCash -->
    </test> <!-- Default test -->
  </suite> <!-- Default suite -->
</testng-results>
